<?xml version="1.0" encoding="UTF-8"?>
<!-- Generated by org.testng.reporters.JUnitXMLReporter -->
<testsuite ignored="6" hostname="DESKTOP-TKNABN7" failures="1" tests="1" name="Test on chrome" time="26.03" errors="0" timestamp="10 Oct. 2019 16:18:55 GMT">
  <testcase classname="com.bestbuy.tests.HomePageTests" name="verifyHomePageTitle" time="0.254">
    <failure type="java.lang.AssertionError" message="expected [QBest Buy: Shop Online For Deals &amp;amp; Save | Best Buy Canada] but found [Best Buy: Shop Online For Deals &amp;amp; Save | Best Buy Canada]">
      <![CDATA[java.lang.AssertionError: expected [QBest Buy: Shop Online For Deals & Save | Best Buy Canada] but found [Best Buy: Shop Online For Deals & Save | Best Buy Canada]
at org.testng.Assert.fail(Assert.java:96)
at org.testng.Assert.failNotEquals(Assert.java:776)
at org.testng.Assert.assertEqualsImpl(Assert.java:137)
at org.testng.Assert.assertEquals(Assert.java:118)
at org.testng.Assert.assertEquals(Assert.java:453)
at org.testng.Assert.assertEquals(Assert.java:463)
at com.bestbuy.tests.HomePageTests.verifyHomePageTitle(HomePageTests.java:26)
at java.base/jdk.internal.reflect.NativeMethodAccessorImpl.invoke0(Native Method)
at java.base/jdk.internal.reflect.NativeMethodAccessorImpl.invoke(NativeMethodAccessorImpl.java:62)
at java.base/jdk.internal.reflect.DelegatingMethodAccessorImpl.invoke(DelegatingMethodAccessorImpl.java:43)
at java.base/java.lang.reflect.Method.invoke(Method.java:567)
at org.testng.internal.MethodInvocationHelper.invokeMethod(MethodInvocationHelper.java:124)
at org.testng.internal.Invoker.invokeMethod(Invoker.java:583)
at org.testng.internal.Invoker.invokeTestMethod(Invoker.java:719)
at org.testng.internal.Invoker.invokeTestMethods(Invoker.java:989)
at org.testng.internal.TestMethodWorker.invokeTestMethods(TestMethodWorker.java:125)
at org.testng.internal.TestMethodWorker.run(TestMethodWorker.java:109)
at java.base/java.util.concurrent.ThreadPoolExecutor.runWorker(ThreadPoolExecutor.java:1128)
at java.base/java.util.concurrent.ThreadPoolExecutor$Worker.run(ThreadPoolExecutor.java:628)
at java.base/java.lang.Thread.run(Thread.java:835)
]]>
    </failure>
  </testcase> <!-- verifyHomePageTitle -->
  <testcase classname="com.bestbuy.tests.BrokenLinksandImages" name="verifyBrokenLinks" time="0.0">
    <ignored/>
  </testcase> <!-- verifyBrokenLinks -->
  <testcase classname="com.bestbuy.tests.HomePageTests" name="selectingItem" time="0.0">
    <ignored/>
  </testcase> <!-- selectingItem -->
  <testcase classname="com.bestbuy.tests.CompleteOrderTest" name="verifyPaymentErrorMessage" time="0.0">
    <ignored/>
  </testcase> <!-- verifyPaymentErrorMessage -->
  <testcase classname="com.bestbuy.tests.HomePageTests" name="doSearch" time="0.0">
    <ignored/>
  </testcase> <!-- doSearch -->
  <testcase classname="com.bestbuy.tests.HomePageTests" name="emptySearch" time="0.0">
    <ignored/>
  </testcase> <!-- emptySearch -->
  <testcase classname="com.bestbuy.tests.TDDSearchItem" name="dataDrivenSearch" time="0.0">
    <ignored/>
  </testcase> <!-- dataDrivenSearch -->
</testsuite> <!-- Test on chrome -->
